0 info it worked if it ends with ok
1 verbose cli [ '/usr/local/bin/iojs', '/usr/local/bin/npm', 'run', 'deploy' ]
2 info using npm@3.10.3
3 info using node@v6.4.0
4 verbose run-script [ 'predeploy', 'deploy', 'postdeploy' ]
5 info lifecycle trueno-documentation@0.1.0~predeploy: trueno-documentation@0.1.0
6 silly lifecycle trueno-documentation@0.1.0~predeploy: no script for predeploy, continuing
7 info lifecycle trueno-documentation@0.1.0~deploy: trueno-documentation@0.1.0
8 verbose lifecycle trueno-documentation@0.1.0~deploy: unsafe-perm in lifecycle true
9 verbose lifecycle trueno-documentation@0.1.0~deploy: PATH: /usr/local/lib/node_modules/npm/bin/node-gyp-bin:/Users/victor/Desktop/truenodb/documentation/node_modules/.bin:/usr/local/bin:/usr/local/Cellar/apache-spark/1.6.0/libexec/sbin:/Users/victor/emsdk_portable/emscripten/1.29.0:/Users/victor/emsdk_portable:/usr/local/bin:/usr/bin:/bin:/usr/sbin:/sbin:/opt/X11/bin
10 verbose lifecycle trueno-documentation@0.1.0~deploy: CWD: /Users/victor/Desktop/truenodb/documentation
11 silly lifecycle trueno-documentation@0.1.0~deploy: Args: [ '-c',
11 silly lifecycle   'mkdir docs/latest && mv docs/pre-latest/* docs/latest && rmdir docs/pre-latest' ]
12 silly lifecycle trueno-documentation@0.1.0~deploy: Returned: code: 1  signal: null
13 info lifecycle trueno-documentation@0.1.0~deploy: Failed to exec deploy script
14 verbose stack Error: trueno-documentation@0.1.0 deploy: `mkdir docs/latest && mv docs/pre-latest/* docs/latest && rmdir docs/pre-latest`
14 verbose stack Exit status 1
14 verbose stack     at EventEmitter.<anonymous> (/usr/local/lib/node_modules/npm/lib/utils/lifecycle.js:242:16)
14 verbose stack     at emitTwo (events.js:106:13)
14 verbose stack     at EventEmitter.emit (events.js:191:7)
14 verbose stack     at ChildProcess.<anonymous> (/usr/local/lib/node_modules/npm/lib/utils/spawn.js:40:14)
14 verbose stack     at emitTwo (events.js:106:13)
14 verbose stack     at ChildProcess.emit (events.js:191:7)
14 verbose stack     at maybeClose (internal/child_process.js:852:16)
14 verbose stack     at Process.ChildProcess._handle.onexit (internal/child_process.js:215:5)
15 verbose pkgid trueno-documentation@0.1.0
16 verbose cwd /Users/victor/Desktop/truenodb/documentation
17 error Darwin 15.6.0
18 error argv "/usr/local/bin/iojs" "/usr/local/bin/npm" "run" "deploy"
19 error node v6.4.0
20 error npm  v3.10.3
21 error code ELIFECYCLE
22 error trueno-documentation@0.1.0 deploy: `mkdir docs/latest && mv docs/pre-latest/* docs/latest && rmdir docs/pre-latest`
22 error Exit status 1
23 error Failed at the trueno-documentation@0.1.0 deploy script 'mkdir docs/latest && mv docs/pre-latest/* docs/latest && rmdir docs/pre-latest'.
23 error Make sure you have the latest version of node.js and npm installed.
23 error If you do, this is most likely a problem with the trueno-documentation package,
23 error not with npm itself.
23 error Tell the author that this fails on your system:
23 error     mkdir docs/latest && mv docs/pre-latest/* docs/latest && rmdir docs/pre-latest
23 error You can get information on how to open an issue for this project with:
23 error     npm bugs trueno-documentation
23 error Or if that isn't available, you can get their info via:
23 error     npm owner ls trueno-documentation
23 error There is likely additional logging output above.
24 verbose exit [ 1, true ]
